2026-05-11 18:31:13,864 | INFO | Початок серії експериментів...
2026-05-11 18:31:14,912 | ERROR | Помилка типів у Quick Sort (Тип=corrupted): '<' not supported between instances of 'str' and 'int'
2026-05-11 18:31:14,913 | ERROR | Помилка типів у Timsort (Тип=corrupted): '<' not supported between instances of 'str' and 'int'
2026-05-11 18:31:14,916 | ERROR | Помилка типів у Quick Sort (Тип=corrupted): '<' not supported between instances of 'str' and 'int'
2026-05-11 18:31:14,918 | ERROR | Помилка типів у Timsort (Тип=corrupted): '<' not supported between instances of 'str' and 'int'
2026-05-11 18:31:14,921 | ERROR | Помилка типів у Quick Sort (Тип=corrupted): '<' not supported between instances of 'str' and 'int'
2026-05-11 18:31:14,928 | ERROR | Помилка типів у Timsort (Тип=corrupted): '<' not supported between instances of 'str' and 'int'
2026-05-11 18:31:14,937 | ERROR | Помилка типів у Quick Sort (Тип=corrupted): '<' not supported between instances of 'str' and 'int'
2026-05-11 18:31:14,941 | ERROR | Помилка типів у Timsort (Тип=corrupted): '<' not supported between instances of 'str' and 'int'
2026-05-11 18:31:14,949 | ERROR | Помилка типів у Quick Sort (Тип=corrupted): '<' not supported between instances of 'str' and 'int'
2026-05-11 18:31:14,953 | ERROR | Помилка типів у Timsort (Тип=corrupted): '<' not supported between instances of 'str' and 'int'
2026-05-11 18:31:14,959 | ERROR | Помилка типів у Quick Sort (Тип=corrupted): '<' not supported between instances of 'str' and 'int'
2026-05-11 18:31:14,962 | ERROR | Помилка типів у Timsort (Тип=corrupted): '<' not supported between instances of 'str' and 'int'
2026-05-11 18:31:14,967 | ERROR | Помилка типів у Quick Sort (Тип=corrupted): '<' not supported between instances of 'str' and 'int'
2026-05-11 18:31:14,969 | ERROR | Помилка типів у Timsort (Тип=corrupted): '<' not supported between instances of 'str' and 'int'
2026-05-11 18:31:14,974 | ERROR | Помилка типів у Quick Sort (Тип=corrupted): '<' not supported between instances of 'str' and 'int'
2026-05-11 18:31:14,976 | ERROR | Помилка типів у Timsort (Тип=corrupted): '<' not supported between instances of 'str' and 'int'
2026-05-11 18:31:14,980 | ERROR | Помилка типів у Quick Sort (Тип=corrupted): '<' not supported between instances of 'str' and 'int'
2026-05-11 18:31:14,982 | ERROR | Помилка типів у Timsort (Тип=corrupted): '<' not supported between instances of 'str' and 'int'
2026-05-11 18:31:14,985 | ERROR | Помилка типів у Quick Sort (Тип=corrupted): '<' not supported between instances of 'str' and 'int'
2026-05-11 18:31:14,987 | ERROR | Помилка типів у Timsort (Тип=corrupted): '<' not supported between instances of 'str' and 'int'
2026-05-11 18:31:14,990 | ERROR | Помилка типів у Quick Sort (Тип=corrupted): '<' not supported between instances of 'str' and 'int'
2026-05-11 18:31:14,992 | ERROR | Помилка типів у Timsort (Тип=corrupted): '<' not supported between instances of 'str' and 'int'
2026-05-11 18:31:14,995 | ERROR | Помилка типів у Quick Sort (Тип=corrupted): '<' not supported between instances of 'str' and 'int'
2026-05-11 18:31:14,996 | ERROR | Помилка типів у Timsort (Тип=corrupted): '<' not supported between instances of 'str' and 'int'
2026-05-11 18:31:15,000 | ERROR | Помилка типів у Quick Sort (Тип=corrupted): '<' not supported between instances of 'str' and 'int'
2026-05-11 18:31:15,001 | ERROR | Помилка типів у Timsort (Тип=corrupted): '<' not supported between instances of 'str' and 'int'
2026-05-11 18:31:15,004 | ERROR | Помилка типів у Quick Sort (Тип=corrupted): '<' not supported between instances of 'str' and 'int'
2026-05-11 18:31:15,006 | ERROR | Помилка типів у Timsort (Тип=corrupted): '<' not supported between instances of 'str' and 'int'
2026-05-11 18:31:15,009 | ERROR | Помилка типів у Quick Sort (Тип=corrupted): '<' not supported between instances of 'str' and 'int'
2026-05-11 18:31:15,011 | ERROR | Помилка типів у Timsort (Тип=corrupted): '<' not supported between instances of 'str' and 'int'
2026-05-11 18:31:15,014 | ERROR | Помилка типів у Quick Sort (Тип=corrupted): '<' not supported between instances of 'str' and 'int'
2026-05-11 18:31:15,015 | ERROR | Помилка типів у Timsort (Тип=corrupted): '<' not supported between instances of 'str' and 'int'
2026-05-11 18:31:15,018 | ERROR | Помилка типів у Quick Sort (Тип=corrupted): '<' not supported between instances of 'str' and 'int'
2026-05-11 18:31:15,020 | ERROR | Помилка типів у Timsort (Тип=corrupted): '<' not supported between instances of 'str' and 'int'
2026-05-11 18:31:15,023 | ERROR | Помилка типів у Quick Sort (Тип=corrupted): '<' not supported between instances of 'str' and 'int'
2026-05-11 18:31:15,025 | ERROR | Помилка типів у Timsort (Тип=corrupted): '<' not supported between instances of 'str' and 'int'
2026-05-11 18:31:15,028 | ERROR | Помилка типів у Quick Sort (Тип=corrupted): '<' not supported between instances of 'str' and 'int'
2026-05-11 18:31:15,030 | ERROR | Помилка типів у Timsort (Тип=corrupted): '<' not supported between instances of 'str' and 'int'
2026-05-11 18:31:15,033 | ERROR | Помилка типів у Quick Sort (Тип=corrupted): '<' not supported between instances of 'str' and 'int'
2026-05-11 18:31:15,035 | ERROR | Помилка типів у Timsort (Тип=corrupted): '<' not supported between instances of 'str' and 'int'
2026-05-11 18:31:15,038 | ERROR | Помилка типів у Quick Sort (Тип=corrupted): '<' not supported between instances of 'str' and 'int'
2026-05-11 18:31:15,039 | ERROR | Помилка типів у Timsort (Тип=corrupted): '<' not supported between instances of 'str' and 'int'
2026-05-11 18:31:15,043 | ERROR | Помилка типів у Quick Sort (Тип=corrupted): '<' not supported between instances of 'str' and 'int'
2026-05-11 18:31:15,045 | ERROR | Помилка типів у Timsort (Тип=corrupted): '<' not supported between instances of 'str' and 'int'
2026-05-11 18:31:15,048 | ERROR | Помилка типів у Quick Sort (Тип=corrupted): '<' not supported between instances of 'str' and 'int'
2026-05-11 18:31:15,049 | ERROR | Помилка типів у Timsort (Тип=corrupted): '<' not supported between instances of 'str' and 'int'
2026-05-11 18:31:15,052 | ERROR | Помилка типів у Quick Sort (Тип=corrupted): '<' not supported between instances of 'str' and 'int'
2026-05-11 18:31:15,054 | ERROR | Помилка типів у Timsort (Тип=corrupted): '<' not supported between instances of 'str' and 'int'
2026-05-11 18:31:15,057 | ERROR | Помилка типів у Quick Sort (Тип=corrupted): '<' not supported between instances of 'str' and 'int'
2026-05-11 18:31:15,058 | ERROR | Помилка типів у Timsort (Тип=corrupted): '<' not supported between instances of 'str' and 'int'
2026-05-11 18:31:15,061 | ERROR | Помилка типів у Quick Sort (Тип=corrupted): '<' not supported between instances of 'str' and 'int'
2026-05-11 18:31:15,063 | ERROR | Помилка типів у Timsort (Тип=corrupted): '<' not supported between instances of 'str' and 'int'
2026-05-11 18:31:15,066 | ERROR | Помилка типів у Quick Sort (Тип=corrupted): '<' not supported between instances of 'str' and 'int'
2026-05-11 18:31:15,068 | ERROR | Помилка типів у Timsort (Тип=corrupted): '<' not supported between instances of 'str' and 'int'
2026-05-11 18:31:15,070 | ERROR | Помилка типів у Quick Sort (Тип=corrupted): '<' not supported between instances of 'str' and 'int'
2026-05-11 18:31:15,072 | ERROR | Помилка типів у Timsort (Тип=corrupted): '<' not supported between instances of 'str' and 'int'
2026-05-11 18:31:15,075 | ERROR | Помилка типів у Quick Sort (Тип=corrupted): '<' not supported between instances of 'str' and 'int'
2026-05-11 18:31:15,077 | ERROR | Помилка типів у Timsort (Тип=corrupted): '<' not supported between instances of 'str' and 'int'
2026-05-11 18:31:15,080 | ERROR | Помилка типів у Quick Sort (Тип=corrupted): '<' not supported between instances of 'str' and 'int'
2026-05-11 18:31:15,081 | ERROR | Помилка типів у Timsort (Тип=corrupted): '<' not supported between instances of 'str' and 'int'
2026-05-11 18:31:21,263 | ERROR | Помилка типів у Quick Sort (Тип=corrupted): '<' not supported between instances of 'str' and 'int'
2026-05-11 18:31:21,271 | ERROR | Помилка типів у Timsort (Тип=corrupted): '<' not supported between instances of 'str' and 'int'
2026-05-11 18:31:21,286 | ERROR | Помилка типів у Quick Sort (Тип=corrupted): '<' not supported between instances of 'str' and 'int'
2026-05-11 18:31:21,294 | ERROR | Помилка типів у Timsort (Тип=corrupted): '<' not supported between instances of 'str' and 'int'
2026-05-11 18:31:21,308 | ERROR | Помилка типів у Quick Sort (Тип=corrupted): '<' not supported between instances of 'str' and 'int'
2026-05-11 18:31:21,317 | ERROR | Помилка типів у Timsort (Тип=corrupted): '<' not supported between instances of 'str' and 'int'
2026-05-11 18:31:21,331 | ERROR | Помилка типів у Quick Sort (Тип=corrupted): '<' not supported between instances of 'str' and 'int'
2026-05-11 18:31:21,339 | ERROR | Помилка типів у Timsort (Тип=corrupted): '<' not supported between instances of 'str' and 'int'
2026-05-11 18:31:21,353 | ERROR | Помилка типів у Quick Sort (Тип=corrupted): '<' not supported between instances of 'str' and 'int'
2026-05-11 18:31:21,361 | ERROR | Помилка типів у Timsort (Тип=corrupted): '<' not supported between instances of 'str' and 'int'
2026-05-11 18:31:21,376 | ERROR | Помилка типів у Quick Sort (Тип=corrupted): '<' not supported between instances of 'str' and 'int'
2026-05-11 18:31:21,384 | ERROR | Помилка типів у Timsort (Тип=corrupted): '<' not supported between instances of 'str' and 'int'
2026-05-11 18:31:21,398 | ERROR | Помилка типів у Quick Sort (Тип=corrupted): '<' not supported between instances of 'str' and 'int'
2026-05-11 18:31:21,406 | ERROR | Помилка типів у Timsort (Тип=corrupted): '<' not supported between instances of 'str' and 'int'
2026-05-11 18:31:21,421 | ERROR | Помилка типів у Quick Sort (Тип=corrupted): '<' not supported between instances of 'str' and 'int'
2026-05-11 18:31:21,429 | ERROR | Помилка типів у Timsort (Тип=corrupted): '<' not supported between instances of 'str' and 'int'
2026-05-11 18:31:21,443 | ERROR | Помилка типів у Quick Sort (Тип=corrupted): '<' not supported between instances of 'str' and 'int'
2026-05-11 18:31:21,451 | ERROR | Помилка типів у Timsort (Тип=corrupted): '<' not supported between instances of 'str' and 'int'
2026-05-11 18:31:21,466 | ERROR | Помилка типів у Quick Sort (Тип=corrupted): '<' not supported between instances of 'str' and 'int'
2026-05-11 18:31:21,476 | ERROR | Помилка типів у Timsort (Тип=corrupted): '<' not supported between instances of 'str' and 'int'
2026-05-11 18:31:21,495 | ERROR | Помилка типів у Quick Sort (Тип=corrupted): '<' not supported between instances of 'str' and 'int'
2026-05-11 18:31:21,507 | ERROR | Помилка типів у Timsort (Тип=corrupted): '<' not supported between instances of 'str' and 'int'
2026-05-11 18:31:21,525 | ERROR | Помилка типів у Quick Sort (Тип=corrupted): '<' not supported between instances of 'str' and 'int'
2026-05-11 18:31:21,535 | ERROR | Помилка типів у Timsort (Тип=corrupted): '<' not supported between instances of 'str' and 'int'
2026-05-11 18:31:21,555 | ERROR | Помилка типів у Quick Sort (Тип=corrupted): '<' not supported between instances of 'str' and 'int'
2026-05-11 18:31:21,566 | ERROR | Помилка типів у Timsort (Тип=corrupted): '<' not supported between instances of 'str' and 'int'
2026-05-11 18:31:21,585 | ERROR | Помилка типів у Quick Sort (Тип=corrupted): '<' not supported between instances of 'str' and 'int'
2026-05-11 18:31:21,595 | ERROR | Помилка типів у Timsort (Тип=corrupted): '<' not supported between instances of 'str' and 'int'
2026-05-11 18:31:21,612 | ERROR | Помилка типів у Quick Sort (Тип=corrupted): '<' not supported between instances of 'str' and 'int'
2026-05-11 18:31:21,622 | ERROR | Помилка типів у Timsort (Тип=corrupted): '<' not supported between instances of 'str' and 'int'
2026-05-11 18:31:21,638 | ERROR | Помилка типів у Quick Sort (Тип=corrupted): '<' not supported between instances of 'str' and 'int'
2026-05-11 18:31:21,646 | ERROR | Помилка типів у Timsort (Тип=corrupted): '<' not supported between instances of 'str' and 'int'
2026-05-11 18:31:21,662 | ERROR | Помилка типів у Quick Sort (Тип=corrupted): '<' not supported between instances of 'str' and 'int'
2026-05-11 18:31:21,671 | ERROR | Помилка типів у Timsort (Тип=corrupted): '<' not supported between instances of 'str' and 'int'
2026-05-11 18:31:21,693 | ERROR | Помилка типів у Quick Sort (Тип=corrupted): '<' not supported between instances of 'str' and 'int'
2026-05-11 18:31:21,705 | ERROR | Помилка типів у Timsort (Тип=corrupted): '<' not supported between instances of 'str' and 'int'
2026-05-11 18:31:21,725 | ERROR | Помилка типів у Quick Sort (Тип=corrupted): '<' not supported between instances of 'str' and 'int'
2026-05-11 18:31:21,735 | ERROR | Помилка типів у Timsort (Тип=corrupted): '<' not supported between instances of 'str' and 'int'
2026-05-11 18:31:21,753 | ERROR | Помилка типів у Quick Sort (Тип=corrupted): '<' not supported between instances of 'str' and 'int'
2026-05-11 18:31:21,764 | ERROR | Помилка типів у Timsort (Тип=corrupted): '<' not supported between instances of 'str' and 'int'
2026-05-11 18:31:21,782 | ERROR | Помилка типів у Quick Sort (Тип=corrupted): '<' not supported between instances of 'str' and 'int'
2026-05-11 18:31:21,791 | ERROR | Помилка типів у Timsort (Тип=corrupted): '<' not supported between instances of 'str' and 'int'
2026-05-11 18:31:21,806 | ERROR | Помилка типів у Quick Sort (Тип=corrupted): '<' not supported between instances of 'str' and 'int'
2026-05-11 18:31:21,815 | ERROR | Помилка типів у Timsort (Тип=corrupted): '<' not supported between instances of 'str' and 'int'
2026-05-11 18:31:21,831 | ERROR | Помилка типів у Quick Sort (Тип=corrupted): '<' not supported between instances of 'str' and 'int'
2026-05-11 18:31:21,839 | ERROR | Помилка типів у Timsort (Тип=corrupted): '<' not supported between instances of 'str' and 'int'
2026-05-11 18:31:21,855 | ERROR | Помилка типів у Quick Sort (Тип=corrupted): '<' not supported between instances of 'str' and 'int'
2026-05-11 18:31:21,864 | ERROR | Помилка типів у Timsort (Тип=corrupted): '<' not supported between instances of 'str' and 'int'
2026-05-11 18:31:21,879 | ERROR | Помилка типів у Quick Sort (Тип=corrupted): '<' not supported between instances of 'str' and 'int'
2026-05-11 18:31:21,890 | ERROR | Помилка типів у Timsort (Тип=corrupted): '<' not supported between instances of 'str' and 'int'
2026-05-11 18:31:21,908 | ERROR | Помилка типів у Quick Sort (Тип=corrupted): '<' not supported between instances of 'str' and 'int'
2026-05-11 18:31:21,918 | ERROR | Помилка типів у Timsort (Тип=corrupted): '<' not supported between instances of 'str' and 'int'
2026-05-11 18:31:21,936 | ERROR | Помилка типів у Quick Sort (Тип=corrupted): '<' not supported between instances of 'str' and 'int'
2026-05-11 18:31:21,946 | ERROR | Помилка типів у Timsort (Тип=corrupted): '<' not supported between instances of 'str' and 'int'
2026-05-11 18:31:21,965 | ERROR | Помилка типів у Quick Sort (Тип=corrupted): '<' not supported between instances of 'str' and 'int'
2026-05-11 18:31:21,976 | ERROR | Помилка типів у Timsort (Тип=corrupted): '<' not supported between instances of 'str' and 'int'
2026-05-11 18:31:21,993 | ERROR | Помилка типів у Quick Sort (Тип=corrupted): '<' not supported between instances of 'str' and 'int'
2026-05-11 18:31:22,002 | ERROR | Помилка типів у Timsort (Тип=corrupted): '<' not supported between instances of 'str' and 'int'
2026-05-11 18:31:22,018 | ERROR | Помилка типів у Quick Sort (Тип=corrupted): '<' not supported between instances of 'str' and 'int'
2026-05-11 18:31:22,031 | ERROR | Помилка типів у Timsort (Тип=corrupted): '<' not supported between instances of 'str' and 'int'
2026-05-11 18:31:36,453 | ERROR | Помилка типів у Quick Sort (Тип=corrupted): '<' not supported between instances of 'str' and 'int'
2026-05-11 18:31:36,471 | ERROR | Помилка типів у Timsort (Тип=corrupted): '<' not supported between instances of 'str' and 'int'
2026-05-11 18:31:36,501 | ERROR | Помилка типів у Quick Sort (Тип=corrupted): '<' not supported between instances of 'str' and 'int'
2026-05-11 18:31:36,519 | ERROR | Помилка типів у Timsort (Тип=corrupted): '<' not supported between instances of 'str' and 'int'
2026-05-11 18:31:36,548 | ERROR | Помилка типів у Quick Sort (Тип=corrupted): '<' not supported between instances of 'str' and 'int'
2026-05-11 18:31:36,565 | ERROR | Помилка типів у Timsort (Тип=corrupted): '<' not supported between instances of 'str' and 'int'
2026-05-11 18:31:36,595 | ERROR | Помилка типів у Quick Sort (Тип=corrupted): '<' not supported between instances of 'str' and 'int'
2026-05-11 18:31:36,612 | ERROR | Помилка типів у Timsort (Тип=corrupted): '<' not supported between instances of 'str' and 'int'
2026-05-11 18:31:36,642 | ERROR | Помилка типів у Quick Sort (Тип=corrupted): '<' not supported between instances of 'str' and 'int'
2026-05-11 18:31:36,659 | ERROR | Помилка типів у Timsort (Тип=corrupted): '<' not supported between instances of 'str' and 'int'
2026-05-11 18:31:36,689 | ERROR | Помилка типів у Quick Sort (Тип=corrupted): '<' not supported between instances of 'str' and 'int'
2026-05-11 18:31:36,706 | ERROR | Помилка типів у Timsort (Тип=corrupted): '<' not supported between instances of 'str' and 'int'
2026-05-11 18:31:36,736 | ERROR | Помилка типів у Quick Sort (Тип=corrupted): '<' not supported between instances of 'str' and 'int'
2026-05-11 18:31:36,753 | ERROR | Помилка типів у Timsort (Тип=corrupted): '<' not supported between instances of 'str' and 'int'
2026-05-11 18:31:36,788 | ERROR | Помилка типів у Quick Sort (Тип=corrupted): '<' not supported between instances of 'str' and 'int'
2026-05-11 18:31:36,810 | ERROR | Помилка типів у Timsort (Тип=corrupted): '<' not supported between instances of 'str' and 'int'
2026-05-11 18:31:36,844 | ERROR | Помилка типів у Quick Sort (Тип=corrupted): '<' not supported between instances of 'str' and 'int'
2026-05-11 18:31:36,861 | ERROR | Помилка типів у Timsort (Тип=corrupted): '<' not supported between instances of 'str' and 'int'
2026-05-11 18:31:36,893 | ERROR | Помилка типів у Quick Sort (Тип=corrupted): '<' not supported between instances of 'str' and 'int'
2026-05-11 18:31:36,910 | ERROR | Помилка типів у Timsort (Тип=corrupted): '<' not supported between instances of 'str' and 'int'
2026-05-11 18:31:36,940 | ERROR | Помилка типів у Quick Sort (Тип=corrupted): '<' not supported between instances of 'str' and 'int'
2026-05-11 18:31:36,957 | ERROR | Помилка типів у Timsort (Тип=corrupted): '<' not supported between instances of 'str' and 'int'
2026-05-11 18:31:36,986 | ERROR | Помилка типів у Quick Sort (Тип=corrupted): '<' not supported between instances of 'str' and 'int'
2026-05-11 18:31:37,003 | ERROR | Помилка типів у Timsort (Тип=corrupted): '<' not supported between instances of 'str' and 'int'
2026-05-11 18:31:37,033 | ERROR | Помилка типів у Quick Sort (Тип=corrupted): '<' not supported between instances of 'str' and 'int'
2026-05-11 18:31:37,052 | ERROR | Помилка типів у Timsort (Тип=corrupted): '<' not supported between instances of 'str' and 'int'
2026-05-11 18:31:37,082 | ERROR | Помилка типів у Quick Sort (Тип=corrupted): '<' not supported between instances of 'str' and 'int'
2026-05-11 18:31:37,099 | ERROR | Помилка типів у Timsort (Тип=corrupted): '<' not supported between instances of 'str' and 'int'
2026-05-11 18:31:37,133 | ERROR | Помилка типів у Quick Sort (Тип=corrupted): '<' not supported between instances of 'str' and 'int'
2026-05-11 18:31:37,149 | ERROR | Помилка типів у Timsort (Тип=corrupted): '<' not supported between instances of 'str' and 'int'
2026-05-11 18:31:37,180 | ERROR | Помилка типів у Quick Sort (Тип=corrupted): '<' not supported between instances of 'str' and 'int'
2026-05-11 18:31:37,198 | ERROR | Помилка типів у Timsort (Тип=corrupted): '<' not supported between instances of 'str' and 'int'
2026-05-11 18:31:37,229 | ERROR | Помилка типів у Quick Sort (Тип=corrupted): '<' not supported between instances of 'str' and 'int'
2026-05-11 18:31:37,247 | ERROR | Помилка типів у Timsort (Тип=corrupted): '<' not supported between instances of 'str' and 'int'
2026-05-11 18:31:37,278 | ERROR | Помилка типів у Quick Sort (Тип=corrupted): '<' not supported between instances of 'str' and 'int'
2026-05-11 18:31:37,296 | ERROR | Помилка типів у Timsort (Тип=corrupted): '<' not supported between instances of 'str' and 'int'
2026-05-11 18:31:37,330 | ERROR | Помилка типів у Quick Sort (Тип=corrupted): '<' not supported between instances of 'str' and 'int'
2026-05-11 18:31:37,348 | ERROR | Помилка типів у Timsort (Тип=corrupted): '<' not supported between instances of 'str' and 'int'
2026-05-11 18:31:37,381 | ERROR | Помилка типів у Quick Sort (Тип=corrupted): '<' not supported between instances of 'str' and 'int'
2026-05-11 18:31:37,399 | ERROR | Помилка типів у Timsort (Тип=corrupted): '<' not supported between instances of 'str' and 'int'
2026-05-11 18:31:37,429 | ERROR | Помилка типів у Quick Sort (Тип=corrupted): '<' not supported between instances of 'str' and 'int'
2026-05-11 18:31:37,447 | ERROR | Помилка типів у Timsort (Тип=corrupted): '<' not supported between instances of 'str' and 'int'
2026-05-11 18:31:37,479 | ERROR | Помилка типів у Quick Sort (Тип=corrupted): '<' not supported between instances of 'str' and 'int'
2026-05-11 18:31:37,497 | ERROR | Помилка типів у Timsort (Тип=corrupted): '<' not supported between instances of 'str' and 'int'
2026-05-11 18:31:37,528 | ERROR | Помилка типів у Quick Sort (Тип=corrupted): '<' not supported between instances of 'str' and 'int'
2026-05-11 18:31:37,548 | ERROR | Помилка типів у Timsort (Тип=corrupted): '<' not supported between instances of 'str' and 'int'
2026-05-11 18:31:37,580 | ERROR | Помилка типів у Quick Sort (Тип=corrupted): '<' not supported between instances of 'str' and 'int'
2026-05-11 18:31:37,599 | ERROR | Помилка типів у Timsort (Тип=corrupted): '<' not supported between instances of 'str' and 'int'
2026-05-11 18:31:37,628 | ERROR | Помилка типів у Quick Sort (Тип=corrupted): '<' not supported between instances of 'str' and 'int'
2026-05-11 18:31:37,646 | ERROR | Помилка типів у Timsort (Тип=corrupted): '<' not supported between instances of 'str' and 'int'
2026-05-11 18:31:37,675 | ERROR | Помилка типів у Quick Sort (Тип=corrupted): '<' not supported between instances of 'str' and 'int'
2026-05-11 18:31:37,696 | ERROR | Помилка типів у Timsort (Тип=corrupted): '<' not supported between instances of 'str' and 'int'
2026-05-11 18:31:37,729 | ERROR | Помилка типів у Quick Sort (Тип=corrupted): '<' not supported between instances of 'str' and 'int'
2026-05-11 18:31:37,746 | ERROR | Помилка типів у Timsort (Тип=corrupted): '<' not supported between instances of 'str' and 'int'
2026-05-11 18:31:37,783 | ERROR | Помилка типів у Quick Sort (Тип=corrupted): '<' not supported between instances of 'str' and 'int'
2026-05-11 18:31:37,805 | ERROR | Помилка типів у Timsort (Тип=corrupted): '<' not supported between instances of 'str' and 'int'
2026-05-11 18:31:37,843 | ERROR | Помилка типів у Quick Sort (Тип=corrupted): '<' not supported between instances of 'str' and 'int'
2026-05-11 18:31:37,863 | ERROR | Помилка типів у Timsort (Тип=corrupted): '<' not supported between instances of 'str' and 'int'
2026-05-11 18:31:37,899 | ERROR | Помилка типів у Quick Sort (Тип=corrupted): '<' not supported between instances of 'str' and 'int'
2026-05-11 18:31:37,919 | ERROR | Помилка типів у Timsort (Тип=corrupted): '<' not supported between instances of 'str' and 'int'
2026-05-11 18:31:37,919 | INFO | Експерименти завершено.
2026-05-11 18:31:37,928 | INFO | Дані збережено у performance_metrics.csv
2026-05-11 18:31:39,380 | INFO | Графіки збережено у performance_plots.png
